<?xml version="1.0" encoding="UTF-8"?>
<testng-results ignored="0" total="2" passed="2" failed="0" skipped="0">
  <reporter-output>
  </reporter-output>
  <suite started-at="2023-12-21T20:54:05 IST" name="Default suite" finished-at="2023-12-21T20:54:05 IST" duration-ms="84">
    <groups>
    </groups>
    <test started-at="2023-12-21T20:54:05 IST" name="Default test" finished-at="2023-12-21T20:54:05 IST" duration-ms="84">
      <class name="DemoPack1.CreateUser">
        <test-method signature="testCreateUser()[pri:0, instance:DemoPack1.CreateUser@2e55dd0c]" started-at="2023-12-21T20:54:05 IST" name="testCreateUser" finished-at="2023-12-21T20:54:05 IST" duration-ms="15" status="PASS">
          <reporter-output>
          </reporter-output>
        </test-method> <!-- testCreateUser -->
      </class> <!-- DemoPack1.CreateUser -->
      <class name="DemoPack1.DeleteUser">
        <test-method signature="testDeleteUser()[pri:0, instance:DemoPack1.DeleteUser@6631f5ca]" started-at="2023-12-21T20:54:05 IST" name="testDeleteUser" finished-at="2023-12-21T20:54:05 IST" duration-ms="2" status="PASS">
          <reporter-output>
          </reporter-output>
        </test-method> <!-- testDeleteUser -->
      </class> <!-- DemoPack1.DeleteUser -->
    </test> <!-- Default test -->
  </suite> <!-- Default suite -->
</testng-results>
